<?xml version="1.0" encoding="UTF-8"?>
<testng-results skipped="0" failed="0" ignored="0" total="1" passed="1">
  <reporter-output>
  </reporter-output>
  <suite name="Suite" duration-ms="37799" started-at="2017-04-05T16:32:29Z" finished-at="2017-04-05T16:33:07Z">
    <groups>
    </groups>
    <test name="Test" duration-ms="37799" started-at="2017-04-05T16:32:29Z" finished-at="2017-04-05T16:33:07Z">
      <class name="testcases.BrowserStackWebDemo">
        <test-method status="PASS" signature="init()[pri:0, instance:testcases.BrowserStackWebDemo@c0edeb]" name="init" is-config="true" duration-ms="255" started-at="2017-04-05T22:02:29Z" finished-at="2017-04-05T22:02:29Z">
          <reporter-output>
          </reporter-output>
        </test-method> <!-- init -->
        <test-method status="PASS" signature="setUp()[pri:0, instance:testcases.BrowserStackWebDemo@c0edeb]" name="setUp" is-config="true" duration-ms="11085" started-at="2017-04-05T22:02:29Z" finished-at="2017-04-05T22:02:40Z">
          <reporter-output>
          </reporter-output>
        </test-method> <!-- setUp -->
        <test-method status="PASS" signature="verifyUserRegistration()[pri:0, instance:testcases.BrowserStackWebDemo@c0edeb]" name="verifyUserRegistration" duration-ms="20417" started-at="2017-04-05T22:02:40Z" finished-at="2017-04-05T22:03:00Z">
          <reporter-output>
          </reporter-output>
        </test-method> <!-- verifyUserRegistration -->
        <test-method status="PASS" signature="getResult(org.testng.ITestResult)[pri:0, instance:testcases.BrowserStackWebDemo@c0edeb]" name="getResult" is-config="true" duration-ms="2" started-at="2017-04-05T22:03:00Z" finished-at="2017-04-05T22:03:00Z">
          <params>
            <param index="0">
              <value>
                <![CDATA[[TestResult name=verifyUserRegistration status=SUCCESS method=BrowserStackWebDemo.verifyUserRegistration()[pri:0, instance:testcases.BrowserStackWebDemo@c0edeb] output={null}]]]>
              </value>
            </param>
          </params>
          <reporter-output>
          </reporter-output>
        </test-method> <!-- getResult -->
        <test-method status="PASS" signature="tearDown()[pri:0, instance:testcases.BrowserStackWebDemo@c0edeb]" name="tearDown" is-config="true" duration-ms="6277" started-at="2017-04-05T22:03:00Z" finished-at="2017-04-05T22:03:07Z">
          <reporter-output>
          </reporter-output>
        </test-method> <!-- tearDown -->
      </class> <!-- testcases.BrowserStackWebDemo -->
    </test> <!-- Test -->
  </suite> <!-- Suite -->
</testng-results>
